\BOOKMARK [0][-]{chapter.1}{\376\377\000G\000i\036\333\000i\000\040\000T\000h\000i\036\307\000u}{}% 1
\BOOKMARK [1][-]{section.1.1}{\376\377\001\020\036\267\000t\000\040\000V\036\245\000n\000\040\001\020\036\301}{chapter.1}% 2
\BOOKMARK [1][-]{section.1.2}{\376\377\000M\036\345\000c\000\040\000T\000i\000\352\000u}{chapter.1}% 3
\BOOKMARK [1][-]{section.1.3}{\376\377\000T\000h\000\364\000n\000g\000\040\000S\036\321\000\040\000K\036\371\000\040\000T\000h\000u\036\255\000t}{chapter.1}% 4
\BOOKMARK [0][-]{chapter.2}{\376\377\000K\000i\036\277\000n\000\040\000T\000r\000\372\000c\000\040\000H\036\307\000\040\000T\000h\036\321\000n\000g}{}% 5
\BOOKMARK [1][-]{section.2.1}{\376\377\000S\001\241\000\040\001\020\036\323\000\040\000K\000h\036\321\000i\000\040\000T\036\325\000n\000g\000\040\000T\000h\036\303}{chapter.2}% 6
\BOOKMARK [1][-]{section.2.2}{\376\377\000M\000\364\000\040\000T\036\243\000\040\000C\000\341\000c\000\040\000K\000h\036\321\000i}{chapter.2}% 7
\BOOKMARK [2][-]{subsection.2.2.1}{\376\377\000I\000m\000a\000g\000e\000\040\000R\000O\000M}{section.2.2}% 8
\BOOKMARK [2][-]{subsection.2.2.2}{\376\377\000R\000G\000B\000\040\000t\000o\000\040\000G\000r\000a\000y\000s\000c\000a\000l\000e}{section.2.2}% 9
\BOOKMARK [2][-]{subsection.2.2.3}{\376\377\000M\000e\000d\000i\000a\000n\000\040\000F\000i\000l\000t\000e\000r}{section.2.2}% 10
\BOOKMARK [2][-]{subsection.2.2.4}{\376\377\000E\000d\000g\000e\000\040\000D\000e\000t\000e\000c\000t\000i\000o\000n}{section.2.2}% 11
\BOOKMARK [0][-]{chapter.3}{\376\377\000H\000o\000u\000g\000h\000\040\000T\000r\000a\000n\000s\000f\000o\000r\000m}{}% 12
\BOOKMARK [1][-]{section.3.1}{\376\377\000L\000\375\000\040\000T\000h\000u\000y\036\277\000t}{chapter.3}% 13
\BOOKMARK [1][-]{section.3.2}{\376\377\000T\000h\000i\036\277\000t\000\040\000K\036\277\000\040\000P\000h\036\247\000n\000\040\000C\036\351\000n\000g}{chapter.3}% 14
\BOOKMARK [2][-]{subsection.3.2.1}{\376\377\000T\000h\000a\000m\000\040\000S\036\321}{section.3.2}% 15
\BOOKMARK [2][-]{subsection.3.2.2}{\376\377\000B\036\243\000n\000g\000\040\000T\000r\000a\000\040\000S\000i\000n\000/\000C\000o\000s}{section.3.2}% 16
\BOOKMARK [2][-]{subsection.3.2.3}{\376\377\000M\000\341\000y\000\040\000T\000r\036\241\000n\000g\000\040\000T\000h\000\341\000i}{section.3.2}% 17
\BOOKMARK [2][-]{subsection.3.2.4}{\376\377\000A\000c\000c\000u\000m\000u\000l\000a\000t\000o\000r}{section.3.2}% 18
\BOOKMARK [2][-]{subsection.3.2.5}{\376\377\000T\000\355\000n\000h\000\040\000T\000o\000\341\000n\000\040\000R\000h\000o}{section.3.2}% 19
\BOOKMARK [1][-]{section.3.3}{\376\377\000L\000i\000n\000e\000\040\000O\000v\000e\000r\000l\000a\000y}{chapter.3}% 20
\BOOKMARK [0][-]{chapter.4}{\376\377\000K\036\277\000t\000\040\000Q\000u\036\243\000\040\000M\000\364\000\040\000P\000h\036\317\000n\000g}{}% 21
\BOOKMARK [1][-]{section.4.1}{\376\377\000H\000o\000u\000g\000h\000\040\000U\000n\000i\000t\000\040\000T\000e\000s\000t}{chapter.4}% 22
\BOOKMARK [1][-]{section.4.2}{\376\377\000T\000o\000p\000\040\000M\000o\000d\000u\000l\000e\000\040\000T\000e\000s\000t}{chapter.4}% 23
\BOOKMARK [1][-]{section.4.3}{\376\377\000K\036\277\000t\000\040\000Q\000u\036\243\000\040\000H\000o\000u\000g\000h\000\040\000D\000e\000t\000e\000c\000t\000i\000o\000n}{chapter.4}% 24
\BOOKMARK [0][-]{chapter.5}{\376\377\000H\001\260\036\333\000n\000g\000\040\000D\036\253\000n\000\040\000S\036\355\000\040\000D\036\345\000n\000g}{}% 25
\BOOKMARK [1][-]{section.5.1}{\376\377\000C\036\245\000u\000\040\000H\000\354\000n\000h\000\040\000S\000w\000i\000t\000c\000h}{chapter.5}% 26
\BOOKMARK [1][-]{section.5.2}{\376\377\000C\000h\036\241\000y\000\040\000S\000i\000m\000u\000l\000a\000t\000i\000o\000n}{chapter.5}% 27
\BOOKMARK [0][-]{chapter.6}{\376\377\000K\036\277\000t\000\040\000L\000u\036\255\000n}{}% 28
\BOOKMARK [1][-]{section.6.1}{\376\377\000K\036\277\000t\000\040\000Q\000u\036\243\000\040\001\020\036\241\000t\000\040\001\020\001\260\036\343\000c}{chapter.6}% 29
\BOOKMARK [1][-]{section.6.2}{\376\377\000H\001\260\036\333\000n\000g\000\040\000P\000h\000\341\000t\000\040\000T\000r\000i\036\303\000n}{chapter.6}% 30
\BOOKMARK [0][-]{appendix.A}{\376\377\000D\000a\000n\000h\000\040\000S\000\341\000c\000h\000\040\000M\000o\000d\000u\000l\000e}{}% 31
