\BOOKMARK [0][-]{chapter*.1}{\376\377\000L\036\335\000i\000\040\000C\036\243\000m\000\040\001\240\000n}{}% 1
\BOOKMARK [0][-]{chapter*.2}{\376\377\000T\000\363\000m\000\040\000T\036\257\000t\000\040\001\020\036\323\000\040\000\301\000n}{}% 2
\BOOKMARK [0][-]{chapter.1}{\376\377\000G\000i\036\333\000i\000\040\000T\000h\000i\036\307\000u}{}% 3
\BOOKMARK [1][-]{section.1.1}{\376\377\001\020\036\267\000t\000\040\000V\036\245\000n\000\040\001\020\036\301}{chapter.1}% 4
\BOOKMARK [1][-]{section.1.2}{\376\377\000M\036\345\000c\000\040\000T\000i\000\352\000u\000\040\001\020\036\323\000\040\000\301\000n}{chapter.1}% 5
\BOOKMARK [1][-]{section.1.3}{\376\377\000P\000h\036\241\000m\000\040\000V\000i\000\040\001\020\036\323\000\040\000\301\000n}{chapter.1}% 6
\BOOKMARK [1][-]{section.1.4}{\376\377\000C\036\245\000u\000\040\000T\000r\000\372\000c\000\040\000B\000\341\000o\000\040\000C\000\341\000o}{chapter.1}% 7
\BOOKMARK [0][-]{chapter.2}{\376\377\000C\001\241\000\040\000S\036\337\000\040\000L\000\375\000\040\000T\000h\000u\000y\036\277\000t}{}% 8
\BOOKMARK [1][-]{section.2.1}{\376\377\000T\036\325\000n\000g\000\040\000Q\000u\000a\000n\000\040\000V\036\301\000\040\000X\036\355\000\040\000L\000\375\000\040\036\242\000n\000h\000\040\000S\036\321}{chapter.2}% 9
\BOOKMARK [2][-]{subsection.2.1.1}{\376\377\000B\000i\036\303\000u\000\040\000D\000i\036\305\000n\000\040\036\242\000n\000h\000\040\000S\036\321}{section.2.1}% 10
\BOOKMARK [2][-]{subsection.2.1.2}{\376\377\000C\000h\000u\000y\036\303\000n\000\040\001\020\036\325\000i\000\040\000R\000G\000B\000\040\000s\000a\000n\000g\000\040\000G\000r\000a\000y\000s\000c\000a\000l\000e}{section.2.1}% 11
\BOOKMARK [1][-]{section.2.2}{\376\377\000K\000h\036\355\000\040\000N\000h\000i\036\305\000u\000\040\000S\000a\000l\000t\000-\000a\000n\000d\000-\000P\000e\000p\000p\000e\000r}{chapter.2}% 12
\BOOKMARK [2][-]{subsection.2.2.1}{\376\377\001\020\036\267\000c\000\040\001\020\000i\036\303\000m\000\040\000N\000h\000i\036\305\000u\000\040\000S\000a\000l\000t\000-\000a\000n\000d\000-\000P\000e\000p\000p\000e\000r}{section.2.2}% 13
\BOOKMARK [2][-]{subsection.2.2.2}{\376\377\000B\036\331\000\040\000L\036\315\000c\000\040\000M\000e\000d\000i\000a\000n}{section.2.2}% 14
\BOOKMARK [2][-]{subsection.2.2.3}{\376\377\000M\036\241\000n\000g\000\040\000S\036\257\000p\000\040\000X\036\277\000p\000\040\000\050\000S\000o\000r\000t\000i\000n\000g\000\040\000N\000e\000t\000w\000o\000r\000k\000\051}{section.2.2}% 15
\BOOKMARK [1][-]{section.2.3}{\376\377\000P\000h\000\341\000t\000\040\000H\000i\036\307\000n\000\040\000C\036\241\000n\000h}{chapter.2}% 16
\BOOKMARK [2][-]{subsection.2.3.1}{\376\377\000T\000o\000\341\000n\000\040\000T\036\355\000\040\000G\000r\000a\000d\000i\000e\000n\000t}{section.2.3}% 17
\BOOKMARK [2][-]{subsection.2.3.2}{\376\377\000T\000o\000\341\000n\000\040\000T\036\355\000\040\000S\000o\000b\000e\000l}{section.2.3}% 18
\BOOKMARK [2][-]{subsection.2.3.3}{\376\377\000T\000o\000\341\000n\000\040\000T\036\355\000\040\000S\000c\000h\000a\000r\000r}{section.2.3}% 19
\BOOKMARK [1][-]{section.2.4}{\376\377\000B\000i\036\277\000n\000\040\001\020\036\325\000i\000\040\000H\000o\000u\000g\000h}{chapter.2}% 20
\BOOKMARK [2][-]{subsection.2.4.1}{\376\377\000N\000g\000u\000y\000\352\000n\000\040\000L\000\375\000\040\000C\001\241\000\040\000B\036\243\000n}{section.2.4}% 21
\BOOKMARK [2][-]{subsection.2.4.2}{\376\377\000K\000h\000\364\000n\000g\000\040\000G\000i\000a\000n\000\040\000A\000c\000c\000u\000m\000u\000l\000a\000t\000o\000r}{section.2.4}% 22
\BOOKMARK [2][-]{subsection.2.4.3}{\376\377\000T\000h\000u\036\255\000t\000\040\000T\000o\000\341\000n\000\040\000H\000o\000u\000g\000h\000\040\000T\000r\000a\000n\000s\000f\000o\000r\000m}{section.2.4}% 23
\BOOKMARK [0][-]{chapter.3}{\376\377\000T\000h\000i\036\277\000t\000\040\000K\036\277\000\040\000H\036\307\000\040\000T\000h\036\321\000n\000g}{}% 24
\BOOKMARK [1][-]{section.3.1}{\376\377\000K\000i\036\277\000n\000\040\000T\000r\000\372\000c\000\040\000T\036\325\000n\000g\000\040\000T\000h\036\303}{chapter.3}% 25
\BOOKMARK [1][-]{section.3.2}{\376\377\000M\000\364\000\040\000T\036\243\000\040\000C\000\341\000c\000\040\000K\000h\036\321\000i\000\040\000C\000h\000\355\000n\000h}{chapter.3}% 26
\BOOKMARK [2][-]{subsection.3.2.1}{\376\377\000I\000m\000a\000g\000e\000\040\000R\000O\000M\000\040\000B\000a\000n\000k}{section.3.2}% 27
\BOOKMARK [2][-]{subsection.3.2.2}{\376\377\000D\000a\000t\000a\000\040\000P\000a\000t\000h}{section.3.2}% 28
\BOOKMARK [2][-]{subsection.3.2.3}{\376\377\000E\000d\000g\000e\000\040\000S\000t\000r\000e\000a\000m\000\040\000P\000a\000t\000h}{section.3.2}% 29
\BOOKMARK [2][-]{subsection.3.2.4}{\376\377\000V\000G\000A\000\040\000A\000d\000a\000p\000t\000e\000r}{section.3.2}% 30
\BOOKMARK [1][-]{section.3.3}{\376\377\001\020\000i\036\301\000u\000\040\000K\000h\000i\036\303\000n\000\040\000H\036\307\000\040\000T\000h\036\321\000n\000g}{chapter.3}% 31
\BOOKMARK [0][-]{chapter.4}{\376\377\000T\000h\000i\036\277\000t\000\040\000K\036\277\000\040\000H\000o\000u\000g\000h\000\040\000T\000r\000a\000n\000s\000f\000o\000r\000m}{}% 32
\BOOKMARK [1][-]{section.4.1}{\376\377\000T\036\325\000n\000g\000\040\000Q\000u\000a\000n\000\040\000M\000o\000d\000u\000l\000e}{chapter.4}% 33
\BOOKMARK [1][-]{section.4.2}{\376\377\000K\000i\036\277\000n\000\040\000T\000r\000\372\000c\000\040\000C\000h\000i\000\040\000T\000i\036\277\000t}{chapter.4}% 34
\BOOKMARK [1][-]{section.4.3}{\376\377\000B\036\243\000n\000g\000\040\000T\000r\000a\000\040\000S\000i\000n\000/\000C\000o\000s\000\040\000\050\000L\000U\000T\000\051}{chapter.4}% 35
\BOOKMARK [1][-]{section.4.4}{\376\377\000M\000\341\000y\000\040\000T\000r\036\241\000n\000g\000\040\000T\000h\000\341\000i\000\040\000\050\000F\000S\000M\000\051}{chapter.4}% 36
\BOOKMARK [1][-]{section.4.5}{\376\377\000T\000\355\000n\000h\000\040\000T\000o\000\341\000n\000\040\000R\000h\000o}{chapter.4}% 37
\BOOKMARK [2][-]{subsection.4.5.1}{\376\377\000C\000\364\000n\000g\000\040\000T\000h\036\351\000c}{section.4.5}% 38
\BOOKMARK [2][-]{subsection.4.5.2}{\376\377\000P\000h\000\342\000n\000\040\000T\000\355\000c\000h\000\040\000P\000h\036\241\000m\000\040\000V\000i}{section.4.5}% 39
\BOOKMARK [1][-]{section.4.6}{\376\377\000A\000c\000c\000u\000m\000u\000l\000a\000t\000o\000r\000\040\000D\000e\000s\000i\000g\000n}{chapter.4}% 40
\BOOKMARK [2][-]{subsection.4.6.1}{\376\377\000C\036\245\000u\000\040\000T\000r\000\372\000c\000\040\000B\036\331\000\040\000N\000h\036\333}{section.4.6}% 41
\BOOKMARK [2][-]{subsection.4.6.2}{\376\377\000I\000m\000p\000l\000e\000m\000e\000n\000t\000a\000t\000i\000o\000n}{section.4.6}% 42
\BOOKMARK [1][-]{section.4.7}{\376\377\000P\000e\000a\000k\000\040\000D\000e\000t\000e\000c\000t\000i\000o\000n}{chapter.4}% 43
\BOOKMARK [1][-]{section.4.8}{\376\377\000L\000i\000n\000e\000\040\000O\000v\000e\000r\000l\000a\000y}{chapter.4}% 44
\BOOKMARK [2][-]{subsection.4.8.1}{\376\377\000K\000i\036\303\000m\000\040\000T\000r\000a\000\040\001\020\000i\036\303\000m\000\040\000T\000r\000\352\000n\000\040\001\020\001\260\036\335\000n\000g}{section.4.8}% 45
\BOOKMARK [2][-]{subsection.4.8.2}{\376\377\000O\000v\000e\000r\000l\000a\000y\000\040\000M\000\340\000u}{section.4.8}% 46
\BOOKMARK [0][-]{chapter.5}{\376\377\000K\036\277\000t\000\040\000Q\000u\036\243\000\040\000M\000\364\000\040\000P\000h\036\317\000n\000g}{}% 47
\BOOKMARK [1][-]{section.5.1}{\376\377\000M\000\364\000i\000\040\000T\000r\001\260\036\335\000n\000g\000\040\000M\000\364\000\040\000P\000h\036\317\000n\000g}{chapter.5}% 48
\BOOKMARK [1][-]{section.5.2}{\376\377\000K\036\277\000t\000\040\000Q\000u\036\243\000\040\000U\000n\000i\000t\000\040\000T\000e\000s\000t\000\040\000-\000\040\000H\000o\000u\000g\000h\000\040\000M\000o\000d\000u\000l\000e}{chapter.5}% 49
\BOOKMARK [1][-]{section.5.3}{\376\377\000K\036\277\000t\000\040\000Q\000u\036\243\000\040\000I\000n\000t\000e\000g\000r\000a\000t\000i\000o\000n\000\040\000T\000e\000s\000t\000\040\000-\000\040\000T\000o\000p\000\040\000M\000o\000d\000u\000l\000e}{chapter.5}% 50
\BOOKMARK [1][-]{section.5.4}{\376\377\000P\000h\000\342\000n\000\040\000T\000\355\000c\000h\000\040\000K\036\277\000t\000\040\000Q\000u\036\243\000\040\000H\000o\000u\000g\000h\000\040\000T\000r\000a\000n\000s\000f\000o\000r\000m}{chapter.5}% 51
\BOOKMARK [1][-]{section.5.5}{\376\377\000C\000o\000m\000m\000a\000n\000d\000\040\000M\000\364\000\040\000P\000h\036\317\000n\000g}{chapter.5}% 52
\BOOKMARK [0][-]{chapter.6}{\376\377\000K\036\277\000t\000\040\000L\000u\036\255\000n\000\040\000v\000\340\000\040\000H\001\260\036\333\000n\000g\000\040\000P\000h\000\341\000t\000\040\000T\000r\000i\036\303\000n}{}% 53
\BOOKMARK [1][-]{section.6.1}{\376\377\000K\036\277\000t\000\040\000Q\000u\036\243\000\040\001\020\036\241\000t\000\040\001\020\001\260\036\343\000c}{chapter.6}% 54
\BOOKMARK [1][-]{section.6.2}{\376\377\000H\036\241\000n\000\040\000C\000h\036\277}{chapter.6}% 55
\BOOKMARK [1][-]{section.6.3}{\376\377\000H\001\260\036\333\000n\000g\000\040\000P\000h\000\341\000t\000\040\000T\000r\000i\036\303\000n}{chapter.6}% 56
\BOOKMARK [0][-]{chapter*.26}{\376\377\000T\000\340\000i\000\040\000L\000i\036\307\000u\000\040\000T\000h\000a\000m\000\040\000K\000h\036\243\000o}{}% 57
\BOOKMARK [0][-]{appendix.A}{\376\377\000D\000a\000n\000h\000\040\000S\000\341\000c\000h\000\040\000F\000i\000l\000e\000\040\000S\000o\000u\000r\000c\000e\000\040\000C\000o\000d\000e}{}% 58
\BOOKMARK [0][-]{appendix.B}{\376\377\000S\001\241\000\040\001\020\036\323\000\040\000C\000h\000\342\000n\000\040\000F\000P\000G\000A}{}% 59
